<?xml version="1.0" encoding="UTF-8"?>
<testng-results ignored="0" total="1" passed="1" failed="0" skipped="0">
  <reporter-output>
  </reporter-output>
  <suite started-at="2021-11-11T17:57:04 GMT" name="Default suite" finished-at="2021-11-11T17:57:07 GMT" duration-ms="3004">
    <groups>
    </groups>
    <test started-at="2021-11-11T17:57:04 GMT" name="Default test" finished-at="2021-11-11T17:57:07 GMT" duration-ms="3004">
      <class name="Test_POST">
        <test-method signature="test_3_delete()[pri:0, instance:Test_POST@4e096385]" started-at="2021-11-11T17:57:04 GMT" name="test_3_delete" finished-at="2021-11-11T17:57:07 GMT" duration-ms="2944" status="PASS">
          <reporter-output>
          </reporter-output>
        </test-method> <!-- test_3_delete -->
      </class> <!-- Test_POST -->
    </test> <!-- Default test -->
  </suite> <!-- Default suite -->
</testng-results>
